\BOOKMARK [0][-]{Doc-Start}{Abstract}{}% 1
\BOOKMARK [0][-]{chapter*.1}{Declaration}{}% 2
\BOOKMARK [0][-]{chapter*.2}{Acknowledgements}{}% 3
\BOOKMARK [0][-]{chapter.1}{Introduction}{}% 4
\BOOKMARK [0][-]{chapter.2}{MHV Approach}{}% 5
\BOOKMARK [1][-]{section.2.1}{Spinor helicity formalism}{chapter.2}% 6
\BOOKMARK [1][-]{section.2.2}{Color kinematic duality}{chapter.2}% 7
\BOOKMARK [1][-]{section.2.3}{Little group scaling}{chapter.2}% 8
\BOOKMARK [1][-]{section.2.4}{On-shell recursion relation}{chapter.2}% 9
\BOOKMARK [0][-]{chapter.3}{Review of the qg -3muqg calculation}{}% 10
\BOOKMARK [1][-]{section.3.1}{Decomposition of the amplitude using BCFW formalism}{chapter.3}% 11
\BOOKMARK [1][-]{section.3.2}{Computation of the 3-point amplitude using the little group scaling}{chapter.3}% 12
\BOOKMARK [1][-]{section.3.3}{Total differential cross section}{chapter.3}% 13
\BOOKMARK [1][-]{section.3.4}{Generalizing the MHV amplitudes}{chapter.3}% 14
\BOOKMARK [0][-]{chapter.4}{Radiative emission}{}% 15
\BOOKMARK [1][-]{section.4.1}{Review of the photon bremsstrhalung in QED}{chapter.4}% 16
\BOOKMARK [1][-]{section.4.2}{Soft-collinear gluon radiation off massless quark}{chapter.4}% 17
\BOOKMARK [2][-]{subsection.4.2.1}{One radiative gluon emission}{section.4.2}% 18
\BOOKMARK [2][-]{subsection.4.2.2}{Two radiative gluon emission}{section.4.2}% 19
\BOOKMARK [2][-]{subsection.4.2.3}{Three radiative gluon emission}{section.4.2}% 20
\BOOKMARK [0][-]{chapter.5}{Bremsstrahlung gluon emission beyond eikonal trajectory approximation}{}% 21
\BOOKMARK [0][-]{chapter*.10}{Bibliography}{}% 22
\BOOKMARK [0][-]{chapter*.10}{Appendix}{}% 23
\BOOKMARK [0][-]{appendix.A}{Conventions for 4D Spinor Helicity Formalism}{}% 24
\BOOKMARK [0][-]{appendix.B}{Spinor Identities}{}% 25
\BOOKMARK [0][-]{appendix.C}{SU\(N\) Color Algebra}{}% 26
\BOOKMARK [1][-]{section.C.1}{Decomposition of product of Ta}{appendix.C}% 27
\BOOKMARK [0][-]{appendix.D}{MHV Amplitude Caclulations}{}% 28
\BOOKMARK [1][-]{section.D.1}{One gluon emission}{appendix.D}% 29
\BOOKMARK [1][-]{section.D.2}{two gluon emission}{appendix.D}% 30
\BOOKMARK [1][-]{section.D.3}{three gluon emission}{appendix.D}% 31
